<?xml version="1.0" encoding="UTF-8"?>
<!-- Generated by org.testng.reporters.JUnitXMLReporter -->
<testsuite ignored="0" hostname="Sasidharans-MacBook-Pro.local" failures="1" tests="2" name="Test(failed)" time="14.178" errors="0" timestamp="2024-03-11T11:26:50 IST">
  <testcase classname="testCases.Tc_001_AccountRegistrationTest" name="test_account_registration" time="0.583"/>
  <testcase classname="testCases.Tc_002_LoginTest" name="verify_LoginTest" time="10.296">
    <failure type="java.lang.AssertionError" message="null">
      <![CDATA[java.lang.AssertionError: null
at testCases.Tc_002_LoginTest.verify_LoginTest(Tc_002_LoginTest.java:44)
at java.base/java.util.ArrayList.forEach(ArrayList.java:1511)
... Removed 29 stack frames]]>
    </failure>
  </testcase> <!-- verify_LoginTest -->
</testsuite> <!-- Test(failed) -->
